mode: set
github.com/btubbs/pomegranate/files.go:16.43,18.16 2 1
github.com/btubbs/pomegranate/files.go:21.2,22.16 2 1
github.com/btubbs/pomegranate/files.go:25.2,29.16 5 1
github.com/btubbs/pomegranate/files.go:32.2,32.12 1 1
github.com/btubbs/pomegranate/files.go:18.16,20.3 1 0
github.com/btubbs/pomegranate/files.go:22.16,24.3 1 0
github.com/btubbs/pomegranate/files.go:29.16,31.3 1 0
github.com/btubbs/pomegranate/files.go:35.38,40.16 5 1
github.com/btubbs/pomegranate/files.go:43.2,43.12 1 1
github.com/btubbs/pomegranate/files.go:40.16,42.3 1 0
github.com/btubbs/pomegranate/files.go:46.58,48.16 2 1
github.com/btubbs/pomegranate/files.go:52.2,53.29 2 1
github.com/btubbs/pomegranate/files.go:60.2,60.18 1 1
github.com/btubbs/pomegranate/files.go:48.16,50.3 1 0
github.com/btubbs/pomegranate/files.go:53.29,55.17 2 1
github.com/btubbs/pomegranate/files.go:58.3,58.25 1 1
github.com/btubbs/pomegranate/files.go:55.17,57.4 1 0
github.com/btubbs/pomegranate/files.go:63.80,65.16 2 1
github.com/btubbs/pomegranate/files.go:68.2,68.71 1 1
github.com/btubbs/pomegranate/files.go:65.16,67.3 1 0
github.com/btubbs/pomegranate/files.go:72.58,75.16 3 1
github.com/btubbs/pomegranate/files.go:79.2,79.29 1 1
github.com/btubbs/pomegranate/files.go:88.2,88.19 1 1
github.com/btubbs/pomegranate/files.go:75.16,77.3 1 0
github.com/btubbs/pomegranate/files.go:79.29,81.17 2 1
github.com/btubbs/pomegranate/files.go:84.3,84.40 1 1
github.com/btubbs/pomegranate/files.go:81.17,83.4 1 0
github.com/btubbs/pomegranate/files.go:84.40,86.4 1 1
github.com/btubbs/pomegranate/files.go:91.64,92.21 1 1
github.com/btubbs/pomegranate/files.go:95.2,98.16 4 1
github.com/btubbs/pomegranate/files.go:101.2,101.17 1 1
github.com/btubbs/pomegranate/files.go:92.21,94.3 1 1
github.com/btubbs/pomegranate/files.go:98.16,100.3 1 0
github.com/btubbs/pomegranate/files.go:104.66,107.16 3 1
github.com/btubbs/pomegranate/files.go:111.2,112.16 2 1
github.com/btubbs/pomegranate/files.go:115.2,116.16 2 1
github.com/btubbs/pomegranate/files.go:119.2,120.12 2 1
github.com/btubbs/pomegranate/files.go:107.16,109.3 1 0
github.com/btubbs/pomegranate/files.go:112.16,114.3 1 0
github.com/btubbs/pomegranate/files.go:116.16,118.3 1 0
github.com/btubbs/pomegranate/files.go:123.56,125.2 1 1
github.com/btubbs/pomegranate/files.go:127.57,130.16 3 1
github.com/btubbs/pomegranate/files.go:134.2,135.16 2 1
github.com/btubbs/pomegranate/files.go:138.2,140.15 3 1
github.com/btubbs/pomegranate/files.go:130.16,132.3 1 0
github.com/btubbs/pomegranate/files.go:135.16,137.3 1 0
github.com/btubbs/pomegranate/files.go:143.99,145.16 2 1
github.com/btubbs/pomegranate/files.go:149.2,157.16 4 1
github.com/btubbs/pomegranate/files.go:160.2,161.16 2 1
github.com/btubbs/pomegranate/files.go:164.2,165.49 2 1
github.com/btubbs/pomegranate/files.go:145.16,147.3 1 0
github.com/btubbs/pomegranate/files.go:157.16,159.3 1 0
github.com/btubbs/pomegranate/files.go:161.16,163.3 1 0
github.com/btubbs/pomegranate/files.go:168.38,170.2 1 1
github.com/btubbs/pomegranate/files.go:172.35,175.16 3 1
github.com/btubbs/pomegranate/files.go:178.2,178.14 1 1
github.com/btubbs/pomegranate/files.go:175.16,177.3 1 0
github.com/btubbs/pomegranate/models.go:17.43,19.2 1 1
github.com/btubbs/pomegranate/models.go:21.44,23.2 1 1
github.com/btubbs/pomegranate/util.go:14.68,15.33 1 1
github.com/btubbs/pomegranate/util.go:20.2,20.14 1 1
github.com/btubbs/pomegranate/util.go:15.33,16.23 1 1
github.com/btubbs/pomegranate/util.go:16.23,18.4 1 1
github.com/btubbs/pomegranate/util.go:23.65,24.30 1 1
github.com/btubbs/pomegranate/util.go:29.2,29.14 1 1
github.com/btubbs/pomegranate/util.go:24.30,25.23 1 1
github.com/btubbs/pomegranate/util.go:25.23,27.4 1 1
github.com/btubbs/pomegranate/util.go:32.79,34.28 2 1
github.com/btubbs/pomegranate/util.go:37.2,44.16 4 1
github.com/btubbs/pomegranate/util.go:48.2,48.46 1 1
github.com/btubbs/pomegranate/util.go:54.2,54.47 1 1
github.com/btubbs/pomegranate/util.go:34.28,36.3 1 1
github.com/btubbs/pomegranate/util.go:44.16,46.3 1 1
github.com/btubbs/pomegranate/util.go:49.11,50.13 1 1
github.com/btubbs/pomegranate/util.go:51.11,52.33 1 1
github.com/btubbs/pomegranate/util.go:60.102,63.29 3 1
github.com/btubbs/pomegranate/util.go:67.2,67.36 1 1
github.com/btubbs/pomegranate/util.go:75.2,75.42 1 1
github.com/btubbs/pomegranate/util.go:63.29,65.3 1 1
github.com/btubbs/pomegranate/util.go:67.36,68.47 1 1
github.com/btubbs/pomegranate/util.go:68.47,73.4 1 1
github.com/btubbs/pomegranate/util.go:78.86,80.33 2 1
github.com/btubbs/pomegranate/util.go:86.2,86.59 1 1
github.com/btubbs/pomegranate/util.go:80.33,82.26 2 1
github.com/btubbs/pomegranate/util.go:82.26,84.4 1 1
github.com/btubbs/pomegranate/util.go:91.117,96.16 3 1
github.com/btubbs/pomegranate/util.go:101.2,101.65 1 1
github.com/btubbs/pomegranate/util.go:111.2,112.41 2 1
github.com/btubbs/pomegranate/util.go:124.2,124.61 1 1
github.com/btubbs/pomegranate/util.go:96.16,98.3 1 1
github.com/btubbs/pomegranate/util.go:101.65,106.3 1 1
github.com/btubbs/pomegranate/util.go:112.41,113.54 1 1
github.com/btubbs/pomegranate/util.go:119.3,120.30 2 1
github.com/btubbs/pomegranate/util.go:113.54,118.4 1 1
github.com/btubbs/pomegranate/util.go:120.30,122.4 1 1
github.com/btubbs/pomegranate/database.go:17.65,27.16 3 1
github.com/btubbs/pomegranate/database.go:31.2,31.13 1 1
github.com/btubbs/pomegranate/database.go:34.2,35.16 2 1
github.com/btubbs/pomegranate/database.go:38.2,40.18 3 1
github.com/btubbs/pomegranate/database.go:47.2,47.28 1 1
github.com/btubbs/pomegranate/database.go:27.16,29.3 1 0
github.com/btubbs/pomegranate/database.go:31.13,33.3 1 1
github.com/btubbs/pomegranate/database.go:35.16,37.3 1 0
github.com/btubbs/pomegranate/database.go:40.18,42.64 2 1
github.com/btubbs/pomegranate/database.go:45.3,45.46 1 1
github.com/btubbs/pomegranate/database.go:42.64,44.4 1 0
github.com/btubbs/pomegranate/database.go:50.63,53.16 3 1
github.com/btubbs/pomegranate/database.go:57.2,58.12 2 1
github.com/btubbs/pomegranate/database.go:53.16,56.3 2 1
github.com/btubbs/pomegranate/database.go:63.96,64.29 1 1
github.com/btubbs/pomegranate/database.go:67.2,68.16 2 1
github.com/btubbs/pomegranate/database.go:72.2,72.23 1 1
github.com/btubbs/pomegranate/database.go:75.2,76.16 2 1
github.com/btubbs/pomegranate/database.go:80.2,80.13 1 1
github.com/btubbs/pomegranate/database.go:86.2,86.28 1 1
github.com/btubbs/pomegranate/database.go:92.2,92.12 1 1
github.com/btubbs/pomegranate/database.go:64.29,66.3 1 0
github.com/btubbs/pomegranate/database.go:68.16,70.3 1 0
github.com/btubbs/pomegranate/database.go:72.23,74.3 1 0
github.com/btubbs/pomegranate/database.go:76.16,78.3 1 0
github.com/btubbs/pomegranate/database.go:80.13,81.65 1 0
github.com/btubbs/pomegranate/database.go:81.65,83.4 1 0
github.com/btubbs/pomegranate/database.go:86.28,88.17 2 1
github.com/btubbs/pomegranate/database.go:88.17,90.4 1 0
github.com/btubbs/pomegranate/database.go:98.95,99.29 1 1
github.com/btubbs/pomegranate/database.go:102.2,103.16 2 1
github.com/btubbs/pomegranate/database.go:106.2,106.34 1 1
github.com/btubbs/pomegranate/database.go:109.2,109.16 1 1
github.com/btubbs/pomegranate/database.go:112.2,113.33 2 1
github.com/btubbs/pomegranate/database.go:117.2,117.51 1 1
github.com/btubbs/pomegranate/database.go:121.2,122.16 2 1
github.com/btubbs/pomegranate/database.go:125.2,125.13 1 1
github.com/btubbs/pomegranate/database.go:131.2,131.28 1 1
github.com/btubbs/pomegranate/database.go:137.2,137.12 1 1
github.com/btubbs/pomegranate/database.go:99.29,101.3 1 1
github.com/btubbs/pomegranate/database.go:103.16,105.3 1 0
github.com/btubbs/pomegranate/database.go:106.34,108.3 1 0
github.com/btubbs/pomegranate/database.go:109.16,111.3 1 1
github.com/btubbs/pomegranate/database.go:113.33,116.3 2 0
github.com/btubbs/pomegranate/database.go:117.51,119.3 1 0
github.com/btubbs/pomegranate/database.go:122.16,124.3 1 0
github.com/btubbs/pomegranate/database.go:125.13,126.64 1 0
github.com/btubbs/pomegranate/database.go:126.64,128.4 1 0
github.com/btubbs/pomegranate/database.go:131.28,133.17 2 1
github.com/btubbs/pomegranate/database.go:133.17,135.4 1 1
github.com/btubbs/pomegranate/database.go:143.45,146.17 1 1
github.com/btubbs/pomegranate/database.go:149.2,150.16 2 1
github.com/btubbs/pomegranate/database.go:154.2,156.36 3 1
github.com/btubbs/pomegranate/database.go:146.17,148.3 1 1
github.com/btubbs/pomegranate/database.go:150.16,152.3 1 1
